2024-04-16 17:36:56.913+0000 INFO  Logging config in use: File '/var/lib/neo4j/conf/user-logs.xml'
2024-04-16 17:36:56.918+0000 WARN  Use of deprecated setting 'dbms.memory.heap.max_size'. It is replaced by 'server.memory.heap.max_size'.
2024-04-16 17:36:56.918+0000 WARN  Use of deprecated setting 'dbms.memory.heap.initial_size'. It is replaced by 'server.memory.heap.initial_size'.
2024-04-16 17:36:56.923+0000 INFO  Starting...
2024-04-16 17:36:57.421+0000 INFO  This instance is ServerId{82b716e6} (82b716e6-3666-46df-84c4-edb0ac3675b0)
2024-04-16 17:36:57.953+0000 INFO  ======== Neo4j 5.19.0 ========
2024-04-16 17:36:57.997+0000 INFO  Progress tracking: enabled
2024-04-16 17:36:57.997+0000 INFO  Memory usage guard: minimum estimate
2024-04-16 17:36:57.999+0000 INFO  GDS license file: null
2024-04-16 17:36:57.999+0000 INFO  GDS license state: unlicensed
2024-04-16 17:36:58.002+0000 INFO  Register GraphDataScience...
2024-04-16 17:36:58.009+0000 INFO  GraphDataScience registered.
2024-04-16 17:36:58.010+0000 INFO  Register GraphDataScienceExtras...
2024-04-16 17:36:58.010+0000 INFO  GraphDataScienceExtras registered.
2024-04-16 17:36:58.010+0000 INFO  Register MetricsFacade...
2024-04-16 17:36:58.010+0000 INFO  MetricsFacade registered.
2024-04-16 17:36:58.011+0000 INFO  Register legacy Task Store/ Registry...
2024-04-16 17:36:58.011+0000 INFO  Task Store/ Registry registered.
2024-04-16 17:36:58.011+0000 INFO  Register legacy User Log Registry...
2024-04-16 17:36:58.011+0000 INFO  User Log Registry registered.
2024-04-16 17:36:58.088+0000 INFO  GDS compatibility: for Neo4j Settings 5.x -- available, for Neo4j Settings 4.4 -- not available, selected: Neo4j Settings 5.x
2024-04-16 17:36:58.088+0000 INFO  GDS compatibility: for Neo4j 4.4 -- not available, for Neo4j 5.11 -- not available, for Neo4j 5.12 -- not available, for Neo4j 5.13 -- not available, for Neo4j 5.14 -- not available, for Neo4j 5.15 -- not available, for Neo4j 5.16 -- not available, for Neo4j 5.17 -- not available, for Neo4j 5.18 -- not available, for Neo4j 5.19 -- available, selected: Neo4j 5.19
2024-04-16 17:37:05.303+0000 INFO  Bolt enabled on 0.0.0.0:7687.
2024-04-16 17:37:05.750+0000 INFO  HTTP enabled on 0.0.0.0:7474.
2024-04-16 17:37:05.751+0000 INFO  Remote interface available at http://localhost:7474/
2024-04-16 17:37:05.752+0000 INFO  id: A0FA45853B8D6307F500B972100135CFF145B5DFD96D28E8EFCB6BD4D985B921
2024-04-16 17:37:05.752+0000 INFO  name: system
2024-04-16 17:37:05.752+0000 INFO  creationDate: 2024-04-16T17:36:58.527Z
2024-04-16 17:37:05.752+0000 INFO  Started.
2024-04-16 17:38:08.125+0000 WARN  [bolt-19] The client is unauthorized due to authentication failure.
2024-04-16 17:38:08.537+0000 WARN  [bolt-20] The client is unauthorized due to authentication failure.
2024-04-16 17:38:08.891+0000 WARN  [bolt-21] The client is unauthorized due to authentication failure.
2024-04-16 18:07:26.993+0000 INFO  Neo4j Server shutdown initiated by request
2024-04-16 18:07:26.993+0000 INFO  Stopping...
2024-04-16 18:07:32.120+0000 INFO  Stopped.
2024-04-17 15:46:04.345+0000 INFO  Logging config in use: File '/var/lib/neo4j/conf/user-logs.xml'
2024-04-17 15:46:04.351+0000 WARN  Use of deprecated setting 'dbms.memory.heap.max_size'. It is replaced by 'server.memory.heap.max_size'.
2024-04-17 15:46:04.351+0000 WARN  Use of deprecated setting 'dbms.memory.heap.initial_size'. It is replaced by 'server.memory.heap.initial_size'.
2024-04-17 15:46:04.359+0000 INFO  Starting...
2024-04-17 15:46:04.892+0000 INFO  This instance is ServerId{82b716e6} (82b716e6-3666-46df-84c4-edb0ac3675b0)
2024-04-17 15:46:05.569+0000 INFO  ======== Neo4j 5.19.0 ========
2024-04-17 15:46:05.634+0000 INFO  Progress tracking: enabled
2024-04-17 15:46:05.634+0000 INFO  Memory usage guard: minimum estimate
2024-04-17 15:46:05.636+0000 INFO  GDS license file: null
2024-04-17 15:46:05.637+0000 INFO  GDS license state: unlicensed
2024-04-17 15:46:05.642+0000 INFO  Register GraphDataScience...
2024-04-17 15:46:05.652+0000 INFO  GraphDataScience registered.
2024-04-17 15:46:05.652+0000 INFO  Register GraphDataScienceExtras...
2024-04-17 15:46:05.653+0000 INFO  GraphDataScienceExtras registered.
2024-04-17 15:46:05.653+0000 INFO  Register MetricsFacade...
2024-04-17 15:46:05.653+0000 INFO  MetricsFacade registered.
2024-04-17 15:46:05.654+0000 INFO  Register legacy Task Store/ Registry...
2024-04-17 15:46:05.654+0000 INFO  Task Store/ Registry registered.
2024-04-17 15:46:05.654+0000 INFO  Register legacy User Log Registry...
2024-04-17 15:46:05.655+0000 INFO  User Log Registry registered.
2024-04-17 15:46:05.751+0000 INFO  GDS compatibility: for Neo4j Settings 5.x -- available, for Neo4j Settings 4.4 -- not available, selected: Neo4j Settings 5.x
2024-04-17 15:46:05.751+0000 INFO  GDS compatibility: for Neo4j 4.4 -- not available, for Neo4j 5.11 -- not available, for Neo4j 5.12 -- not available, for Neo4j 5.13 -- not available, for Neo4j 5.14 -- not available, for Neo4j 5.15 -- not available, for Neo4j 5.16 -- not available, for Neo4j 5.17 -- not available, for Neo4j 5.18 -- not available, for Neo4j 5.19 -- available, selected: Neo4j 5.19
2024-04-17 15:46:14.831+0000 INFO  Bolt enabled on 0.0.0.0:7687.
2024-04-17 15:46:15.484+0000 INFO  HTTP enabled on 0.0.0.0:7474.
2024-04-17 15:46:15.485+0000 INFO  Remote interface available at http://localhost:7474/
2024-04-17 15:46:15.489+0000 INFO  id: A0FA45853B8D6307F500B972100135CFF145B5DFD96D28E8EFCB6BD4D985B921
2024-04-17 15:46:15.490+0000 INFO  name: system
2024-04-17 15:46:15.490+0000 INFO  creationDate: 2024-04-16T17:36:58.527Z
2024-04-17 15:46:15.490+0000 INFO  Started.
2024-04-17 17:59:30.915+0000 WARN  [bolt-50] The client is unauthorized due to authentication failure.
2024-04-17 18:01:02.244+0000 INFO  Neo4j Server shutdown initiated by request
2024-04-17 18:01:02.244+0000 INFO  Stopping...
2024-04-17 18:01:07.354+0000 INFO  Stopped.
2024-04-17 18:01:42.898+0000 INFO  Logging config in use: File '/var/lib/neo4j/conf/user-logs.xml'
2024-04-17 18:01:42.902+0000 WARN  Use of deprecated setting 'dbms.memory.heap.max_size'. It is replaced by 'server.memory.heap.max_size'.
2024-04-17 18:01:42.902+0000 WARN  Use of deprecated setting 'dbms.memory.heap.initial_size'. It is replaced by 'server.memory.heap.initial_size'.
2024-04-17 18:01:42.908+0000 INFO  Starting...
2024-04-17 18:01:43.371+0000 INFO  This instance is ServerId{82b716e6} (82b716e6-3666-46df-84c4-edb0ac3675b0)
2024-04-17 18:01:43.881+0000 INFO  ======== Neo4j 5.19.0 ========
2024-04-17 18:01:43.928+0000 INFO  Progress tracking: enabled
2024-04-17 18:01:43.928+0000 INFO  Memory usage guard: minimum estimate
2024-04-17 18:01:43.930+0000 INFO  GDS license file: null
2024-04-17 18:01:43.930+0000 INFO  GDS license state: unlicensed
2024-04-17 18:01:43.933+0000 INFO  Register GraphDataScience...
2024-04-17 18:01:43.941+0000 INFO  GraphDataScience registered.
2024-04-17 18:01:43.941+0000 INFO  Register GraphDataScienceExtras...
2024-04-17 18:01:43.942+0000 INFO  GraphDataScienceExtras registered.
2024-04-17 18:01:43.942+0000 INFO  Register MetricsFacade...
2024-04-17 18:01:43.942+0000 INFO  MetricsFacade registered.
2024-04-17 18:01:43.942+0000 INFO  Register legacy Task Store/ Registry...
2024-04-17 18:01:43.943+0000 INFO  Task Store/ Registry registered.
2024-04-17 18:01:43.943+0000 INFO  Register legacy User Log Registry...
2024-04-17 18:01:43.943+0000 INFO  User Log Registry registered.
2024-04-17 18:01:44.023+0000 INFO  GDS compatibility: for Neo4j Settings 5.x -- available, for Neo4j Settings 4.4 -- not available, selected: Neo4j Settings 5.x
2024-04-17 18:01:44.023+0000 INFO  GDS compatibility: for Neo4j 4.4 -- not available, for Neo4j 5.11 -- not available, for Neo4j 5.12 -- not available, for Neo4j 5.13 -- not available, for Neo4j 5.14 -- not available, for Neo4j 5.15 -- not available, for Neo4j 5.16 -- not available, for Neo4j 5.17 -- not available, for Neo4j 5.18 -- not available, for Neo4j 5.19 -- available, selected: Neo4j 5.19
2024-04-17 18:01:50.814+0000 INFO  Bolt enabled on 0.0.0.0:7687.
2024-04-17 18:01:51.257+0000 INFO  HTTP enabled on 0.0.0.0:7474.
2024-04-17 18:01:51.258+0000 INFO  Remote interface available at http://localhost:7474/
2024-04-17 18:01:51.264+0000 INFO  id: A0FA45853B8D6307F500B972100135CFF145B5DFD96D28E8EFCB6BD4D985B921
2024-04-17 18:01:51.265+0000 INFO  name: system
2024-04-17 18:01:51.265+0000 INFO  creationDate: 2024-04-16T17:36:58.527Z
2024-04-17 18:01:51.265+0000 INFO  Started.
2024-04-17 18:04:45.517+0000 INFO  Neo4j Server shutdown initiated by request
2024-04-17 18:04:45.517+0000 INFO  Stopping...
2024-04-17 18:04:50.635+0000 INFO  Stopped.
2024-04-17 18:05:18.058+0000 INFO  Logging config in use: File '/var/lib/neo4j/conf/user-logs.xml'
2024-04-17 18:05:18.063+0000 WARN  Use of deprecated setting 'dbms.memory.heap.max_size'. It is replaced by 'server.memory.heap.max_size'.
2024-04-17 18:05:18.063+0000 WARN  Use of deprecated setting 'dbms.memory.heap.initial_size'. It is replaced by 'server.memory.heap.initial_size'.
2024-04-17 18:05:18.068+0000 INFO  Starting...
2024-04-17 18:05:18.533+0000 INFO  This instance is ServerId{82b716e6} (82b716e6-3666-46df-84c4-edb0ac3675b0)
2024-04-17 18:05:19.033+0000 INFO  ======== Neo4j 5.19.0 ========
2024-04-17 18:05:19.077+0000 INFO  Progress tracking: enabled
2024-04-17 18:05:19.077+0000 INFO  Memory usage guard: minimum estimate
2024-04-17 18:05:19.079+0000 INFO  GDS license file: null
2024-04-17 18:05:19.079+0000 INFO  GDS license state: unlicensed
2024-04-17 18:05:19.082+0000 INFO  Register GraphDataScience...
2024-04-17 18:05:19.090+0000 INFO  GraphDataScience registered.
2024-04-17 18:05:19.090+0000 INFO  Register GraphDataScienceExtras...
2024-04-17 18:05:19.090+0000 INFO  GraphDataScienceExtras registered.
2024-04-17 18:05:19.090+0000 INFO  Register MetricsFacade...
2024-04-17 18:05:19.091+0000 INFO  MetricsFacade registered.
2024-04-17 18:05:19.091+0000 INFO  Register legacy Task Store/ Registry...
2024-04-17 18:05:19.091+0000 INFO  Task Store/ Registry registered.
2024-04-17 18:05:19.092+0000 INFO  Register legacy User Log Registry...
2024-04-17 18:05:19.092+0000 INFO  User Log Registry registered.
2024-04-17 18:05:19.163+0000 INFO  GDS compatibility: for Neo4j Settings 5.x -- available, for Neo4j Settings 4.4 -- not available, selected: Neo4j Settings 5.x
2024-04-17 18:05:19.163+0000 INFO  GDS compatibility: for Neo4j 4.4 -- not available, for Neo4j 5.11 -- not available, for Neo4j 5.12 -- not available, for Neo4j 5.13 -- not available, for Neo4j 5.14 -- not available, for Neo4j 5.15 -- not available, for Neo4j 5.16 -- not available, for Neo4j 5.17 -- not available, for Neo4j 5.18 -- not available, for Neo4j 5.19 -- available, selected: Neo4j 5.19
2024-04-17 18:05:26.798+0000 INFO  Bolt enabled on 0.0.0.0:7687.
2024-04-17 18:05:27.251+0000 INFO  HTTP enabled on 0.0.0.0:7474.
2024-04-17 18:05:27.251+0000 INFO  Remote interface available at http://localhost:7474/
2024-04-17 18:05:27.253+0000 INFO  id: A0FA45853B8D6307F500B972100135CFF145B5DFD96D28E8EFCB6BD4D985B921
2024-04-17 18:05:27.253+0000 INFO  name: system
2024-04-17 18:05:27.253+0000 INFO  creationDate: 2024-04-16T17:36:58.527Z
2024-04-17 18:05:27.253+0000 INFO  Started.
2024-04-17 18:31:47.077+0000 INFO  Neo4j Server shutdown initiated by request
2024-04-17 18:31:47.077+0000 INFO  Stopping...
2024-04-17 18:31:52.172+0000 INFO  Stopped.
2024-04-17 18:32:20.672+0000 INFO  Logging config in use: File '/var/lib/neo4j/conf/user-logs.xml'
2024-04-17 18:32:20.677+0000 WARN  Use of deprecated setting 'dbms.memory.heap.max_size'. It is replaced by 'server.memory.heap.max_size'.
2024-04-17 18:32:20.677+0000 WARN  Use of deprecated setting 'dbms.memory.heap.initial_size'. It is replaced by 'server.memory.heap.initial_size'.
2024-04-17 18:32:20.684+0000 INFO  Starting...
2024-04-17 18:32:21.181+0000 INFO  This instance is ServerId{82b716e6} (82b716e6-3666-46df-84c4-edb0ac3675b0)
2024-04-17 18:32:21.718+0000 INFO  ======== Neo4j 5.19.0 ========
2024-04-17 18:32:21.766+0000 INFO  Progress tracking: enabled
2024-04-17 18:32:21.766+0000 INFO  Memory usage guard: minimum estimate
2024-04-17 18:32:21.768+0000 INFO  GDS license file: null
2024-04-17 18:32:21.769+0000 INFO  GDS license state: unlicensed
2024-04-17 18:32:21.772+0000 INFO  Register GraphDataScience...
2024-04-17 18:32:21.779+0000 INFO  GraphDataScience registered.
2024-04-17 18:32:21.779+0000 INFO  Register GraphDataScienceExtras...
2024-04-17 18:32:21.780+0000 INFO  GraphDataScienceExtras registered.
2024-04-17 18:32:21.780+0000 INFO  Register MetricsFacade...
2024-04-17 18:32:21.780+0000 INFO  MetricsFacade registered.
2024-04-17 18:32:21.781+0000 INFO  Register legacy Task Store/ Registry...
2024-04-17 18:32:21.781+0000 INFO  Task Store/ Registry registered.
2024-04-17 18:32:21.781+0000 INFO  Register legacy User Log Registry...
2024-04-17 18:32:21.782+0000 INFO  User Log Registry registered.
2024-04-17 18:32:21.860+0000 INFO  GDS compatibility: for Neo4j Settings 5.x -- available, for Neo4j Settings 4.4 -- not available, selected: Neo4j Settings 5.x
2024-04-17 18:32:21.860+0000 INFO  GDS compatibility: for Neo4j 4.4 -- not available, for Neo4j 5.11 -- not available, for Neo4j 5.12 -- not available, for Neo4j 5.13 -- not available, for Neo4j 5.14 -- not available, for Neo4j 5.15 -- not available, for Neo4j 5.16 -- not available, for Neo4j 5.17 -- not available, for Neo4j 5.18 -- not available, for Neo4j 5.19 -- available, selected: Neo4j 5.19
2024-04-17 18:32:28.979+0000 INFO  Bolt enabled on 0.0.0.0:7687.
2024-04-17 18:32:29.452+0000 INFO  HTTP enabled on 0.0.0.0:7474.
2024-04-17 18:32:29.453+0000 INFO  Remote interface available at http://localhost:7474/
2024-04-17 18:32:29.457+0000 INFO  id: A0FA45853B8D6307F500B972100135CFF145B5DFD96D28E8EFCB6BD4D985B921
2024-04-17 18:32:29.457+0000 INFO  name: system
2024-04-17 18:32:29.457+0000 INFO  creationDate: 2024-04-16T17:36:58.527Z
2024-04-17 18:32:29.457+0000 INFO  Started.
2024-04-17 20:26:08.348+0000 INFO  Neo4j Server shutdown initiated by request
2024-04-17 20:26:08.349+0000 INFO  Stopping...
2024-04-17 20:26:13.467+0000 INFO  Stopped.
2024-04-21 15:25:44.484+0000 INFO  Logging config in use: File '/var/lib/neo4j/conf/user-logs.xml'
2024-04-21 15:25:44.493+0000 WARN  Use of deprecated setting 'dbms.memory.heap.max_size'. It is replaced by 'server.memory.heap.max_size'.
2024-04-21 15:25:44.494+0000 WARN  Use of deprecated setting 'dbms.memory.heap.initial_size'. It is replaced by 'server.memory.heap.initial_size'.
2024-04-21 15:25:44.506+0000 INFO  Starting...
2024-04-21 15:25:45.723+0000 INFO  This instance is ServerId{e864b000} (e864b000-b51a-4cbc-accd-a9c31380fb84)
2024-04-21 15:25:46.896+0000 INFO  ======== Neo4j 5.19.0 ========
2024-04-21 15:25:47.004+0000 INFO  Progress tracking: enabled
2024-04-21 15:25:47.005+0000 INFO  Memory usage guard: minimum estimate
2024-04-21 15:25:47.008+0000 INFO  GDS license file: null
2024-04-21 15:25:47.009+0000 INFO  GDS license state: unlicensed
2024-04-21 15:25:47.016+0000 INFO  Register GraphDataScience...
2024-04-21 15:25:47.033+0000 INFO  GraphDataScience registered.
2024-04-21 15:25:47.034+0000 INFO  Register GraphDataScienceExtras...
2024-04-21 15:25:47.035+0000 INFO  GraphDataScienceExtras registered.
2024-04-21 15:25:47.035+0000 INFO  Register MetricsFacade...
2024-04-21 15:25:47.036+0000 INFO  MetricsFacade registered.
2024-04-21 15:25:47.037+0000 INFO  Register legacy Task Store/ Registry...
2024-04-21 15:25:47.038+0000 INFO  Task Store/ Registry registered.
2024-04-21 15:25:47.038+0000 INFO  Register legacy User Log Registry...
2024-04-21 15:25:47.039+0000 INFO  User Log Registry registered.
2024-04-21 15:25:47.224+0000 INFO  GDS compatibility: for Neo4j Settings 5.x -- available, for Neo4j Settings 4.4 -- not available, selected: Neo4j Settings 5.x
2024-04-21 15:25:47.225+0000 INFO  GDS compatibility: for Neo4j 4.4 -- not available, for Neo4j 5.11 -- not available, for Neo4j 5.12 -- not available, for Neo4j 5.13 -- not available, for Neo4j 5.14 -- not available, for Neo4j 5.15 -- not available, for Neo4j 5.16 -- not available, for Neo4j 5.17 -- not available, for Neo4j 5.18 -- not available, for Neo4j 5.19 -- available, selected: Neo4j 5.19
2024-04-21 15:25:59.087+0000 INFO  Bolt enabled on 0.0.0.0:7687.
2024-04-21 15:25:59.863+0000 INFO  HTTP enabled on 0.0.0.0:7474.
2024-04-21 15:25:59.864+0000 INFO  Remote interface available at http://localhost:7474/
2024-04-21 15:25:59.867+0000 INFO  id: 29AB30C3B2DB00A26A60CB53EFBC9C92854D65ADB76890BC4E08E39F96AD2555
2024-04-21 15:25:59.867+0000 INFO  name: system
2024-04-21 15:25:59.868+0000 INFO  creationDate: 2024-04-21T15:25:48.044Z
2024-04-21 15:25:59.868+0000 INFO  Started.
2024-04-21 16:41:45.125+0000 INFO  Logging config in use: File '/var/lib/neo4j/conf/user-logs.xml'
2024-04-21 16:41:45.134+0000 WARN  Use of deprecated setting 'dbms.memory.heap.max_size'. It is replaced by 'server.memory.heap.max_size'.
2024-04-21 16:41:45.135+0000 WARN  Use of deprecated setting 'dbms.memory.heap.initial_size'. It is replaced by 'server.memory.heap.initial_size'.
2024-04-21 16:41:45.146+0000 INFO  Starting...
2024-04-21 16:41:45.974+0000 INFO  This instance is ServerId{e864b000} (e864b000-b51a-4cbc-accd-a9c31380fb84)
2024-04-21 16:41:46.928+0000 INFO  ======== Neo4j 5.19.0 ========
2024-04-21 16:41:47.018+0000 INFO  Progress tracking: enabled
2024-04-21 16:41:47.019+0000 INFO  Memory usage guard: minimum estimate
2024-04-21 16:41:47.022+0000 INFO  GDS license file: null
2024-04-21 16:41:47.022+0000 INFO  GDS license state: unlicensed
2024-04-21 16:41:47.027+0000 INFO  Register GraphDataScience...
2024-04-21 16:41:47.038+0000 INFO  GraphDataScience registered.
2024-04-21 16:41:47.039+0000 INFO  Register GraphDataScienceExtras...
2024-04-21 16:41:47.039+0000 INFO  GraphDataScienceExtras registered.
2024-04-21 16:41:47.040+0000 INFO  Register MetricsFacade...
2024-04-21 16:41:47.040+0000 INFO  MetricsFacade registered.
2024-04-21 16:41:47.041+0000 INFO  Register legacy Task Store/ Registry...
2024-04-21 16:41:47.041+0000 INFO  Task Store/ Registry registered.
2024-04-21 16:41:47.041+0000 INFO  Register legacy User Log Registry...
2024-04-21 16:41:47.042+0000 INFO  User Log Registry registered.
2024-04-21 16:41:47.179+0000 INFO  GDS compatibility: for Neo4j Settings 5.x -- available, for Neo4j Settings 4.4 -- not available, selected: Neo4j Settings 5.x
2024-04-21 16:41:47.179+0000 INFO  GDS compatibility: for Neo4j 4.4 -- not available, for Neo4j 5.11 -- not available, for Neo4j 5.12 -- not available, for Neo4j 5.13 -- not available, for Neo4j 5.14 -- not available, for Neo4j 5.15 -- not available, for Neo4j 5.16 -- not available, for Neo4j 5.17 -- not available, for Neo4j 5.18 -- not available, for Neo4j 5.19 -- available, selected: Neo4j 5.19
2024-04-21 16:41:57.675+0000 INFO  Bolt enabled on 0.0.0.0:7687.
2024-04-21 16:41:58.374+0000 INFO  HTTP enabled on 0.0.0.0:7474.
2024-04-21 16:41:58.375+0000 INFO  Remote interface available at http://localhost:7474/
2024-04-21 16:41:58.378+0000 INFO  id: 29AB30C3B2DB00A26A60CB53EFBC9C92854D65ADB76890BC4E08E39F96AD2555
2024-04-21 16:41:58.378+0000 INFO  name: system
2024-04-21 16:41:58.378+0000 INFO  creationDate: 2024-04-21T15:25:48.044Z
2024-04-21 16:41:58.378+0000 INFO  Started.
2024-04-22 17:19:16.859+0000 INFO  Logging config in use: File '/var/lib/neo4j/conf/user-logs.xml'
2024-04-22 17:19:16.864+0000 WARN  Use of deprecated setting 'dbms.memory.heap.max_size'. It is replaced by 'server.memory.heap.max_size'.
2024-04-22 17:19:16.864+0000 WARN  Use of deprecated setting 'dbms.memory.heap.initial_size'. It is replaced by 'server.memory.heap.initial_size'.
2024-04-22 17:19:16.869+0000 INFO  Starting...
2024-04-22 17:19:17.360+0000 INFO  This instance is ServerId{1ec321a9} (1ec321a9-811b-4f1e-92bb-bd404e76c683)
2024-04-22 17:19:17.928+0000 INFO  ======== Neo4j 5.19.0 ========
2024-04-22 17:19:17.977+0000 INFO  Progress tracking: enabled
2024-04-22 17:19:17.977+0000 INFO  Memory usage guard: minimum estimate
2024-04-22 17:19:17.979+0000 INFO  GDS license file: null
2024-04-22 17:19:17.979+0000 INFO  GDS license state: unlicensed
2024-04-22 17:19:17.982+0000 INFO  Register GraphDataScience...
2024-04-22 17:19:17.990+0000 INFO  GraphDataScience registered.
2024-04-22 17:19:17.990+0000 INFO  Register GraphDataScienceExtras...
2024-04-22 17:19:17.990+0000 INFO  GraphDataScienceExtras registered.
2024-04-22 17:19:17.990+0000 INFO  Register MetricsFacade...
2024-04-22 17:19:17.991+0000 INFO  MetricsFacade registered.
2024-04-22 17:19:17.991+0000 INFO  Register legacy Task Store/ Registry...
2024-04-22 17:19:17.991+0000 INFO  Task Store/ Registry registered.
2024-04-22 17:19:17.991+0000 INFO  Register legacy User Log Registry...
2024-04-22 17:19:17.992+0000 INFO  User Log Registry registered.
2024-04-22 17:19:18.068+0000 INFO  GDS compatibility: for Neo4j Settings 5.x -- available, for Neo4j Settings 4.4 -- not available, selected: Neo4j Settings 5.x
2024-04-22 17:19:18.069+0000 INFO  GDS compatibility: for Neo4j 4.4 -- not available, for Neo4j 5.11 -- not available, for Neo4j 5.12 -- not available, for Neo4j 5.13 -- not available, for Neo4j 5.14 -- not available, for Neo4j 5.15 -- not available, for Neo4j 5.16 -- not available, for Neo4j 5.17 -- not available, for Neo4j 5.18 -- not available, for Neo4j 5.19 -- available, selected: Neo4j 5.19
2024-04-22 17:19:25.370+0000 INFO  Bolt enabled on 0.0.0.0:7687.
2024-04-22 17:19:25.824+0000 INFO  HTTP enabled on 0.0.0.0:7474.
2024-04-22 17:19:25.824+0000 INFO  Remote interface available at http://localhost:7474/
2024-04-22 17:19:25.826+0000 INFO  id: 26AA403A515D8D0D82863BFA1F0880696AD0628DE5D7E92899553E25FDEB0765
2024-04-22 17:19:25.826+0000 INFO  name: system
2024-04-22 17:19:25.826+0000 INFO  creationDate: 2024-04-22T17:19:18.514Z
2024-04-22 17:19:25.826+0000 INFO  Started.
2024-04-22 19:28:09.559+0000 INFO  Neo4j Server shutdown initiated by request
2024-04-22 19:28:09.560+0000 INFO  Stopping...
2024-04-22 19:28:14.718+0000 INFO  Stopped.
2024-04-23 16:14:10.296+0000 INFO  Logging config in use: File '/var/lib/neo4j/conf/user-logs.xml'
2024-04-23 16:14:10.302+0000 WARN  Use of deprecated setting 'dbms.memory.heap.max_size'. It is replaced by 'server.memory.heap.max_size'.
2024-04-23 16:14:10.302+0000 WARN  Use of deprecated setting 'dbms.memory.heap.initial_size'. It is replaced by 'server.memory.heap.initial_size'.
2024-04-23 16:14:10.308+0000 INFO  Starting...
2024-04-23 16:14:10.817+0000 INFO  This instance is ServerId{1ec321a9} (1ec321a9-811b-4f1e-92bb-bd404e76c683)
2024-04-23 16:14:11.396+0000 INFO  ======== Neo4j 5.19.0 ========
2024-04-23 16:14:11.446+0000 INFO  Progress tracking: enabled
2024-04-23 16:14:11.446+0000 INFO  Memory usage guard: minimum estimate
2024-04-23 16:14:11.448+0000 INFO  GDS license file: null
2024-04-23 16:14:11.448+0000 INFO  GDS license state: unlicensed
2024-04-23 16:14:11.451+0000 INFO  Register GraphDataScience...
2024-04-23 16:14:11.459+0000 INFO  GraphDataScience registered.
2024-04-23 16:14:11.459+0000 INFO  Register GraphDataScienceExtras...
2024-04-23 16:14:11.459+0000 INFO  GraphDataScienceExtras registered.
2024-04-23 16:14:11.459+0000 INFO  Register MetricsFacade...
2024-04-23 16:14:11.460+0000 INFO  MetricsFacade registered.
2024-04-23 16:14:11.460+0000 INFO  Register legacy Task Store/ Registry...
2024-04-23 16:14:11.460+0000 INFO  Task Store/ Registry registered.
2024-04-23 16:14:11.460+0000 INFO  Register legacy User Log Registry...
2024-04-23 16:14:11.461+0000 INFO  User Log Registry registered.
2024-04-23 16:14:11.536+0000 INFO  GDS compatibility: for Neo4j Settings 5.x -- available, for Neo4j Settings 4.4 -- not available, selected: Neo4j Settings 5.x
2024-04-23 16:14:11.536+0000 INFO  GDS compatibility: for Neo4j 4.4 -- not available, for Neo4j 5.11 -- not available, for Neo4j 5.12 -- not available, for Neo4j 5.13 -- not available, for Neo4j 5.14 -- not available, for Neo4j 5.15 -- not available, for Neo4j 5.16 -- not available, for Neo4j 5.17 -- not available, for Neo4j 5.18 -- not available, for Neo4j 5.19 -- available, selected: Neo4j 5.19
2024-04-23 16:14:18.522+0000 INFO  Bolt enabled on 0.0.0.0:7687.
2024-04-23 16:14:18.998+0000 INFO  HTTP enabled on 0.0.0.0:7474.
2024-04-23 16:14:18.998+0000 INFO  Remote interface available at http://localhost:7474/
2024-04-23 16:14:19.000+0000 INFO  id: 26AA403A515D8D0D82863BFA1F0880696AD0628DE5D7E92899553E25FDEB0765
2024-04-23 16:14:19.000+0000 INFO  name: system
2024-04-23 16:14:19.000+0000 INFO  creationDate: 2024-04-22T17:19:18.514Z
2024-04-23 16:14:19.000+0000 INFO  Started.
2024-04-23 20:33:28.582+0000 INFO  Neo4j Server shutdown initiated by request
2024-04-23 20:33:28.583+0000 INFO  Stopping...
2024-04-24 12:33:05.027+0000 INFO  Logging config in use: File '/var/lib/neo4j/conf/user-logs.xml'
2024-04-24 12:33:05.032+0000 WARN  Use of deprecated setting 'dbms.memory.heap.max_size'. It is replaced by 'server.memory.heap.max_size'.
2024-04-24 12:33:05.033+0000 WARN  Use of deprecated setting 'dbms.memory.heap.initial_size'. It is replaced by 'server.memory.heap.initial_size'.
2024-04-24 12:33:05.039+0000 INFO  Starting...
2024-04-24 12:33:05.557+0000 INFO  This instance is ServerId{82b716e6} (82b716e6-3666-46df-84c4-edb0ac3675b0)
2024-04-24 12:33:06.158+0000 INFO  ======== Neo4j 5.19.0 ========
2024-04-24 12:33:06.212+0000 INFO  Progress tracking: enabled
2024-04-24 12:33:06.213+0000 INFO  Memory usage guard: minimum estimate
2024-04-24 12:33:06.214+0000 INFO  GDS license file: null
2024-04-24 12:33:06.215+0000 INFO  GDS license state: unlicensed
2024-04-24 12:33:06.218+0000 INFO  Register GraphDataScience...
2024-04-24 12:33:06.226+0000 INFO  GraphDataScience registered.
2024-04-24 12:33:06.226+0000 INFO  Register GraphDataScienceExtras...
2024-04-24 12:33:06.226+0000 INFO  GraphDataScienceExtras registered.
2024-04-24 12:33:06.226+0000 INFO  Register MetricsFacade...
2024-04-24 12:33:06.227+0000 INFO  MetricsFacade registered.
2024-04-24 12:33:06.227+0000 INFO  Register legacy Task Store/ Registry...
2024-04-24 12:33:06.228+0000 INFO  Task Store/ Registry registered.
2024-04-24 12:33:06.228+0000 INFO  Register legacy User Log Registry...
2024-04-24 12:33:06.228+0000 INFO  User Log Registry registered.
2024-04-24 12:33:06.308+0000 INFO  GDS compatibility: for Neo4j Settings 5.x -- available, for Neo4j Settings 4.4 -- not available, selected: Neo4j Settings 5.x
2024-04-24 12:33:06.309+0000 INFO  GDS compatibility: for Neo4j 4.4 -- not available, for Neo4j 5.11 -- not available, for Neo4j 5.12 -- not available, for Neo4j 5.13 -- not available, for Neo4j 5.14 -- not available, for Neo4j 5.15 -- not available, for Neo4j 5.16 -- not available, for Neo4j 5.17 -- not available, for Neo4j 5.18 -- not available, for Neo4j 5.19 -- available, selected: Neo4j 5.19
2024-04-24 12:33:15.318+0000 INFO  Bolt enabled on 0.0.0.0:7687.
2024-04-24 12:33:16.060+0000 INFO  HTTP enabled on 0.0.0.0:7474.
2024-04-24 12:33:16.061+0000 INFO  Remote interface available at http://localhost:7474/
2024-04-24 12:33:16.064+0000 INFO  id: A0FA45853B8D6307F500B972100135CFF145B5DFD96D28E8EFCB6BD4D985B921
2024-04-24 12:33:16.064+0000 INFO  name: system
2024-04-24 12:33:16.064+0000 INFO  creationDate: 2024-04-16T17:36:58.527Z
2024-04-24 12:33:16.064+0000 INFO  Started.
2024-04-24 20:26:47.900+0000 INFO  Neo4j Server shutdown initiated by request
2024-04-24 20:26:47.901+0000 INFO  Stopping...
2024-04-24 20:26:52.982+0000 INFO  Stopped.
2024-04-25 17:23:52.982+0000 INFO  Logging config in use: File '/var/lib/neo4j/conf/user-logs.xml'
2024-04-25 17:23:52.987+0000 WARN  Use of deprecated setting 'dbms.memory.heap.max_size'. It is replaced by 'server.memory.heap.max_size'.
2024-04-25 17:23:52.988+0000 WARN  Use of deprecated setting 'dbms.memory.heap.initial_size'. It is replaced by 'server.memory.heap.initial_size'.
2024-04-25 17:23:52.993+0000 INFO  Starting...
2024-04-25 17:23:53.514+0000 INFO  This instance is ServerId{82b716e6} (82b716e6-3666-46df-84c4-edb0ac3675b0)
2024-04-25 17:23:54.124+0000 INFO  ======== Neo4j 5.19.0 ========
2024-04-25 17:23:54.185+0000 INFO  Progress tracking: enabled
2024-04-25 17:23:54.186+0000 INFO  Memory usage guard: minimum estimate
2024-04-25 17:23:54.188+0000 INFO  GDS license file: null
2024-04-25 17:23:54.188+0000 INFO  GDS license state: unlicensed
2024-04-25 17:23:54.191+0000 INFO  Register GraphDataScience...
2024-04-25 17:23:54.199+0000 INFO  GraphDataScience registered.
2024-04-25 17:23:54.199+0000 INFO  Register GraphDataScienceExtras...
2024-04-25 17:23:54.199+0000 INFO  GraphDataScienceExtras registered.
2024-04-25 17:23:54.200+0000 INFO  Register MetricsFacade...
2024-04-25 17:23:54.200+0000 INFO  MetricsFacade registered.
2024-04-25 17:23:54.200+0000 INFO  Register legacy Task Store/ Registry...
2024-04-25 17:23:54.201+0000 INFO  Task Store/ Registry registered.
2024-04-25 17:23:54.201+0000 INFO  Register legacy User Log Registry...
2024-04-25 17:23:54.201+0000 INFO  User Log Registry registered.
2024-04-25 17:23:54.279+0000 INFO  GDS compatibility: for Neo4j Settings 5.x -- available, for Neo4j Settings 4.4 -- not available, selected: Neo4j Settings 5.x
2024-04-25 17:23:54.279+0000 INFO  GDS compatibility: for Neo4j 4.4 -- not available, for Neo4j 5.11 -- not available, for Neo4j 5.12 -- not available, for Neo4j 5.13 -- not available, for Neo4j 5.14 -- not available, for Neo4j 5.15 -- not available, for Neo4j 5.16 -- not available, for Neo4j 5.17 -- not available, for Neo4j 5.18 -- not available, for Neo4j 5.19 -- available, selected: Neo4j 5.19
2024-04-25 17:24:01.411+0000 INFO  Bolt enabled on 0.0.0.0:7687.
2024-04-25 17:24:01.863+0000 INFO  HTTP enabled on 0.0.0.0:7474.
2024-04-25 17:24:01.864+0000 INFO  Remote interface available at http://localhost:7474/
2024-04-25 17:24:01.865+0000 INFO  id: A0FA45853B8D6307F500B972100135CFF145B5DFD96D28E8EFCB6BD4D985B921
2024-04-25 17:24:01.866+0000 INFO  name: system
2024-04-25 17:24:01.866+0000 INFO  creationDate: 2024-04-16T17:36:58.527Z
2024-04-25 17:24:01.866+0000 INFO  Started.
2024-04-25 20:01:08.855+0000 INFO  Neo4j Server shutdown initiated by request
2024-04-25 20:01:08.856+0000 INFO  Stopping...
2024-04-25 20:01:14.004+0000 INFO  Stopped.
2024-04-26 17:36:36.745+0000 INFO  Logging config in use: File '/var/lib/neo4j/conf/user-logs.xml'
2024-04-26 17:36:36.751+0000 WARN  Use of deprecated setting 'dbms.memory.heap.max_size'. It is replaced by 'server.memory.heap.max_size'.
2024-04-26 17:36:36.751+0000 WARN  Use of deprecated setting 'dbms.memory.heap.initial_size'. It is replaced by 'server.memory.heap.initial_size'.
2024-04-26 17:36:36.757+0000 INFO  Starting...
2024-04-26 17:36:37.259+0000 INFO  This instance is ServerId{82b716e6} (82b716e6-3666-46df-84c4-edb0ac3675b0)
2024-04-26 17:36:37.846+0000 INFO  ======== Neo4j 5.19.0 ========
2024-04-26 17:36:37.898+0000 INFO  Progress tracking: enabled
2024-04-26 17:36:37.898+0000 INFO  Memory usage guard: minimum estimate
2024-04-26 17:36:37.900+0000 INFO  GDS license file: null
2024-04-26 17:36:37.900+0000 INFO  GDS license state: unlicensed
2024-04-26 17:36:37.903+0000 INFO  Register GraphDataScience...
2024-04-26 17:36:37.911+0000 INFO  GraphDataScience registered.
2024-04-26 17:36:37.911+0000 INFO  Register GraphDataScienceExtras...
2024-04-26 17:36:37.911+0000 INFO  GraphDataScienceExtras registered.
2024-04-26 17:36:37.911+0000 INFO  Register MetricsFacade...
2024-04-26 17:36:37.912+0000 INFO  MetricsFacade registered.
2024-04-26 17:36:37.912+0000 INFO  Register legacy Task Store/ Registry...
2024-04-26 17:36:37.912+0000 INFO  Task Store/ Registry registered.
2024-04-26 17:36:37.912+0000 INFO  Register legacy User Log Registry...
2024-04-26 17:36:37.913+0000 INFO  User Log Registry registered.
2024-04-26 17:36:37.992+0000 INFO  GDS compatibility: for Neo4j Settings 5.x -- available, for Neo4j Settings 4.4 -- not available, selected: Neo4j Settings 5.x
2024-04-26 17:36:37.992+0000 INFO  GDS compatibility: for Neo4j 4.4 -- not available, for Neo4j 5.11 -- not available, for Neo4j 5.12 -- not available, for Neo4j 5.13 -- not available, for Neo4j 5.14 -- not available, for Neo4j 5.15 -- not available, for Neo4j 5.16 -- not available, for Neo4j 5.17 -- not available, for Neo4j 5.18 -- not available, for Neo4j 5.19 -- available, selected: Neo4j 5.19
2024-04-26 17:36:45.130+0000 INFO  Bolt enabled on 0.0.0.0:7687.
2024-04-26 17:36:45.631+0000 INFO  HTTP enabled on 0.0.0.0:7474.
2024-04-26 17:36:45.631+0000 INFO  Remote interface available at http://localhost:7474/
2024-04-26 17:36:45.633+0000 INFO  id: A0FA45853B8D6307F500B972100135CFF145B5DFD96D28E8EFCB6BD4D985B921
2024-04-26 17:36:45.633+0000 INFO  name: system
2024-04-26 17:36:45.633+0000 INFO  creationDate: 2024-04-16T17:36:58.527Z
2024-04-26 17:36:45.633+0000 INFO  Started.
2024-04-26 18:08:43.905+0000 INFO  Neo4j Server shutdown initiated by request
2024-04-26 18:08:43.908+0000 INFO  Stopping...
2024-04-26 18:08:49.101+0000 INFO  Stopped.
2024-04-27 05:44:32.415+0000 INFO  Logging config in use: File '/var/lib/neo4j/conf/user-logs.xml'
2024-04-27 05:44:32.420+0000 WARN  Use of deprecated setting 'dbms.memory.heap.max_size'. It is replaced by 'server.memory.heap.max_size'.
2024-04-27 05:44:32.420+0000 WARN  Use of deprecated setting 'dbms.memory.heap.initial_size'. It is replaced by 'server.memory.heap.initial_size'.
2024-04-27 05:44:32.426+0000 INFO  Starting...
2024-04-27 05:44:32.917+0000 INFO  This instance is ServerId{82b716e6} (82b716e6-3666-46df-84c4-edb0ac3675b0)
2024-04-27 05:44:33.487+0000 INFO  ======== Neo4j 5.19.0 ========
2024-04-27 05:44:33.538+0000 INFO  Progress tracking: enabled
2024-04-27 05:44:33.539+0000 INFO  Memory usage guard: minimum estimate
2024-04-27 05:44:33.540+0000 INFO  GDS license file: null
2024-04-27 05:44:33.540+0000 INFO  GDS license state: unlicensed
2024-04-27 05:44:33.543+0000 INFO  Register GraphDataScience...
2024-04-27 05:44:33.550+0000 INFO  GraphDataScience registered.
2024-04-27 05:44:33.550+0000 INFO  Register GraphDataScienceExtras...
2024-04-27 05:44:33.550+0000 INFO  GraphDataScienceExtras registered.
2024-04-27 05:44:33.551+0000 INFO  Register MetricsFacade...
2024-04-27 05:44:33.551+0000 INFO  MetricsFacade registered.
2024-04-27 05:44:33.551+0000 INFO  Register legacy Task Store/ Registry...
2024-04-27 05:44:33.552+0000 INFO  Task Store/ Registry registered.
2024-04-27 05:44:33.552+0000 INFO  Register legacy User Log Registry...
2024-04-27 05:44:33.552+0000 INFO  User Log Registry registered.
2024-04-27 05:44:33.626+0000 INFO  GDS compatibility: for Neo4j Settings 5.x -- available, for Neo4j Settings 4.4 -- not available, selected: Neo4j Settings 5.x
2024-04-27 05:44:33.626+0000 INFO  GDS compatibility: for Neo4j 4.4 -- not available, for Neo4j 5.11 -- not available, for Neo4j 5.12 -- not available, for Neo4j 5.13 -- not available, for Neo4j 5.14 -- not available, for Neo4j 5.15 -- not available, for Neo4j 5.16 -- not available, for Neo4j 5.17 -- not available, for Neo4j 5.18 -- not available, for Neo4j 5.19 -- available, selected: Neo4j 5.19
2024-04-27 05:44:39.224+0000 INFO  Bolt enabled on 0.0.0.0:7687.
2024-04-27 05:44:39.671+0000 INFO  HTTP enabled on 0.0.0.0:7474.
2024-04-27 05:44:39.671+0000 INFO  Remote interface available at http://localhost:7474/
2024-04-27 05:44:39.673+0000 INFO  id: A0FA45853B8D6307F500B972100135CFF145B5DFD96D28E8EFCB6BD4D985B921
2024-04-27 05:44:39.673+0000 INFO  name: system
2024-04-27 05:44:39.673+0000 INFO  creationDate: 2024-04-16T17:36:58.527Z
2024-04-27 05:44:39.673+0000 INFO  Started.
2024-04-27 08:43:34.120+0000 INFO  Neo4j Server shutdown initiated by request
2024-04-27 08:43:34.120+0000 INFO  Stopping...
2024-04-27 08:43:39.292+0000 INFO  Stopped.
2024-04-27 13:31:57.441+0000 INFO  Logging config in use: File '/var/lib/neo4j/conf/user-logs.xml'
2024-04-27 13:31:57.450+0000 WARN  Use of deprecated setting 'dbms.memory.heap.max_size'. It is replaced by 'server.memory.heap.max_size'.
2024-04-27 13:31:57.450+0000 WARN  Use of deprecated setting 'dbms.memory.heap.initial_size'. It is replaced by 'server.memory.heap.initial_size'.
2024-04-27 13:31:57.461+0000 INFO  Starting...
2024-04-27 13:31:58.201+0000 INFO  This instance is ServerId{82b716e6} (82b716e6-3666-46df-84c4-edb0ac3675b0)
2024-04-27 13:31:59.039+0000 INFO  ======== Neo4j 5.19.0 ========
2024-04-27 13:31:59.158+0000 INFO  Progress tracking: enabled
2024-04-27 13:31:59.159+0000 INFO  Memory usage guard: minimum estimate
2024-04-27 13:31:59.163+0000 INFO  GDS license file: null
2024-04-27 13:31:59.164+0000 INFO  GDS license state: unlicensed
2024-04-27 13:31:59.168+0000 INFO  Register GraphDataScience...
2024-04-27 13:31:59.178+0000 INFO  GraphDataScience registered.
2024-04-27 13:31:59.179+0000 INFO  Register GraphDataScienceExtras...
2024-04-27 13:31:59.179+0000 INFO  GraphDataScienceExtras registered.
2024-04-27 13:31:59.180+0000 INFO  Register MetricsFacade...
2024-04-27 13:31:59.180+0000 INFO  MetricsFacade registered.
2024-04-27 13:31:59.181+0000 INFO  Register legacy Task Store/ Registry...
2024-04-27 13:31:59.182+0000 INFO  Task Store/ Registry registered.
2024-04-27 13:31:59.182+0000 INFO  Register legacy User Log Registry...
2024-04-27 13:31:59.182+0000 INFO  User Log Registry registered.
2024-04-27 13:31:59.291+0000 INFO  GDS compatibility: for Neo4j Settings 5.x -- available, for Neo4j Settings 4.4 -- not available, selected: Neo4j Settings 5.x
2024-04-27 13:31:59.292+0000 INFO  GDS compatibility: for Neo4j 4.4 -- not available, for Neo4j 5.11 -- not available, for Neo4j 5.12 -- not available, for Neo4j 5.13 -- not available, for Neo4j 5.14 -- not available, for Neo4j 5.15 -- not available, for Neo4j 5.16 -- not available, for Neo4j 5.17 -- not available, for Neo4j 5.18 -- not available, for Neo4j 5.19 -- available, selected: Neo4j 5.19
2024-04-27 13:32:08.463+0000 INFO  Bolt enabled on 0.0.0.0:7687.
2024-04-27 13:32:08.960+0000 INFO  HTTP enabled on 0.0.0.0:7474.
2024-04-27 13:32:08.960+0000 INFO  Remote interface available at http://localhost:7474/
2024-04-27 13:32:08.963+0000 INFO  id: A0FA45853B8D6307F500B972100135CFF145B5DFD96D28E8EFCB6BD4D985B921
2024-04-27 13:32:08.963+0000 INFO  name: system
2024-04-27 13:32:08.963+0000 INFO  creationDate: 2024-04-16T17:36:58.527Z
2024-04-27 13:32:08.963+0000 INFO  Started.
2024-04-27 14:30:45.100+0000 INFO  Neo4j Server shutdown initiated by request
2024-04-27 14:30:45.101+0000 INFO  Stopping...
2024-04-27 14:30:50.250+0000 INFO  Stopped.
